2021-05-15 09:23:20 - INFO - new category adds to works list
2021-05-15 09:25:38 - INFO - rya created car wash successfully
NoneType: None
2021-05-15 09:59:30 - INFO - "ftm" finished "visit dentist"
NoneType: None
2021-05-15 10:01:05 - INFO - name: fatemeh
 last name: rahmanzadeh
username: ftm
Email: ftm@yahoo.com
 list of works: [<work.Work object at 0x0000026224FB1E80>, <work.Work object at 0x0000026224FB1E20>] logged in
2021-05-15 10:10:02 - INFO - name: fatemeh
 last name: rahmanzadeh
username: ftm
Email: ftm@yahoo.com logged in
2021-05-15 10:11:01 - INFO - name: fatemeh
 last name: rahmanzadeh
username: ftm
Email: ftm@yahoo.com logged in
2021-05-15 10:13:23 - INFO - name: fatemeh
 last name: rahmanzadeh
username: ftm
Email: ftm@yahoo.com logged in
2021-05-15 10:14:01 - INFO - name: fatemeh
 last name: rahmanzadeh
username: ftm
Email: ftm@yahoo.com logged in
2021-05-15 10:15:07 - INFO - name: fatemeh
 last name: rahmanzadeh
username: ftm
Email: ftm@yahoo.com logged in
2021-05-15 10:17:22 - INFO - name: fatemeh
 last name: rahmanzadeh
username: ftm
Email: ftm@yahoo.com logged in
2021-05-15 10:18:59 - INFO - name: fatemeh
 last name: rahmanzadeh
username: ftm
Email: ftm@yahoo.com logged in
2021-05-15 10:23:18 - INFO - name: fatemeh
 last name: rahmanzadeh
username: ftm
Email: ftm@yahoo.com logged in
2021-05-15 10:36:12 - INFO - name: fatemeh
 last name: rahmanzadeh
username: ftm
Email: ftm@yahoo.com logged in
2021-05-15 10:37:11 - INFO - name: fatemeh
 last name: rahmanzadeh
username: ftm
Email: ftm@yahoo.com logged in
2021-05-15 10:38:32 - INFO - name: fatemeh
 last name: rahmanzadeh
username: ftm
Email: ftm@yahoo.com logged in
2021-05-15 10:40:32 - INFO - name: fatemeh
 last name: rahmanzadeh
username: ftm
Email: ftm@yahoo.com logged in
2021-05-15 10:42:20 - INFO - name: fatemeh
 last name: rahmanzadeh
username: ftm
Email: ftm@yahoo.com logged in
2021-05-15 10:42:56 - INFO - name: fatemeh
 last name: rahmanzadeh
username: ftm
Email: ftm@yahoo.com logged in
2021-05-15 10:44:00 - INFO - name: fatemeh
 last name: rahmanzadeh
username: ftm
Email: ftm@yahoo.com logged in
2021-05-15 10:44:36 - INFO - name: fatemeh
 last name: rahmanzadeh
username: ftm
Email: ftm@yahoo.com logged in
2021-05-15 10:46:12 - INFO - name: fatemeh
 last name: rahmanzadeh
username: ftm
Email: ftm@yahoo.com logged in
2021-05-15 10:47:00 - INFO - name: fatemeh
 last name: rahmanzadeh
username: ftm
Email: ftm@yahoo.com logged in
2021-05-15 10:51:09 - INFO - name: fatemeh
 last name: rahmanzadeh
username: ftm
Email: ftm@yahoo.com logged in
2021-05-15 10:52:18 - INFO - name: fatemeh
 last name: rahmanzadeh
username: ftm
Email: ftm@yahoo.com logged in
2021-05-15 10:55:11 - INFO - name: fatemeh
 last name: rahmanzadeh
username: ftm
Email: ftm@yahoo.com logged in
2021-05-15 10:57:35 - INFO - name: fatemeh
 last name: rahmanzadeh
username: ftm
Email: ftm@yahoo.com logged in
2021-05-15 11:00:37 - INFO - name: zahra
 last name: hassanzadeh
username: zhr
Email: zhr@email.com logged in
2021-05-15 11:04:35 - INFO - rza's account locked
2021-05-15 11:06:46 - INFO - name: zahra
 last name: hassanzadeh
username: zhr
Email: zhr@email.com logged in
2021-05-15 11:07:18 - INFO - name: zahra
 last name: hassanzadeh
username: zhr
Email: zhr@email.com logged in
2021-05-15 11:10:17 - INFO - name: zahra
 last name: hassanzadeh
username: zhr
Email: zhr@email.com logged in
2021-05-15 15:26:42 - INFO - name: zahra
 last name: hassanzadeh
username: zhr
Email: zhr@email.com logged in
2021-05-15 15:26:53 - INFO - name: fatemeh
 last name: rahmanzadeh
username: ftm
Email: ftm@yahoo.com logged in
2021-05-15 15:45:20 - INFO - new category adds to works list
2021-05-15 15:45:25 - INFO - 'ftm' created 'math exam' work successfully
NoneType: None
2021-05-15 15:47:41 - INFO - name: fatemeh
 last name: rahmanzadeh
username: ftm
Email: ftm@yahoo.com logged in
2021-05-15 15:48:09 - INFO - name: fatemeh
 last name: rahmanzadeh
username: ftm
Email: ftm@yahoo.com logged in
2021-05-15 15:50:14 - INFO - name: fatemeh
 last name: rahmanzadeh
username: ftm
Email: ftm@yahoo.com logged in
2021-05-15 15:51:05 - INFO - name: fatemeh
 last name: rahmanzadeh
username: ftm
Email: ftm@yahoo.com logged in
2021-05-15 15:58:47 - INFO - name: fatemeh
 last name: rahmanzadeh
username: ftm
Email: ftm@yahoo.com logged in
2021-05-15 16:02:20 - INFO - name: fatemeh
 last name: rahmanzadeh
username: ftm
Email: ftm@yahoo.com logged in
2021-05-15 16:06:36 - INFO - name: fatemeh
 last name: rahmanzadeh
username: ftm
Email: ftm@yahoo.com logged in
2021-05-15 16:13:28 - INFO - name: fatemeh
 last name: rahmanzadeh
username: ftm
Email: ftm@yahoo.com logged in
2021-05-15 16:32:24 - INFO - name: fatemeh
 last name: rahmanzadeh
username: ftm
Email: ftm@yahoo.com logged in
2021-05-15 16:34:57 - INFO - name: fatemeh
 last name: rahmanzadeh
username: ftm
Email: ftm@yahoo.com logged in
2021-05-15 16:37:06 - INFO - name: fatemeh
 last name: rahmanzadeh
username: ftm
Email: ftm@yahoo.com logged in
2021-05-15 16:38:29 - INFO - name: fatemeh
 last name: rahmanzadeh
username: ftm
Email: ftm@yahoo.com logged in
2021-05-15 16:39:17 - INFO - name: fatemeh
 last name: rahmanzadeh
username: ftm
Email: ftm@yahoo.com logged in
2021-05-15 16:45:34 - INFO - name: fatemeh
 last name: rahmanzadeh
username: ftm
Email: ftm@yahoo.com logged in
2021-05-16 05:31:05 - INFO - name: fatemeh
 last name: rahmanzadeh
username: ftm
Email: ftm@yahoo.com logged in
2021-05-16 05:33:50 - INFO - name: fatemeh
 last name: rahmanzadeh
username: ftm
Email: ftm@yahoo.com logged in
2021-05-16 05:44:16 - INFO - name: fatemeh
 last name: rahmanzadeh
username: ftm
Email: ftm@yahoo.com logged in
2021-05-16 05:46:36 - INFO - name: fatemeh
 last name: rahmanzadeh
username: ftm
Email: ftm@yahoo.com logged in
2021-05-16 05:47:22 - INFO - name: fatemeh
 last name: rahmanzadeh
username: ftm
Email: ftm@yahoo.com logged in
2021-05-16 05:48:01 - INFO - name: fatemeh
 last name: rahmanzadeh
username: ftm
Email: ftm@yahoo.com logged in
2021-05-16 05:49:42 - INFO - name: fatemeh
 last name: rahmanzadeh
username: ftm
Email: ftm@yahoo.com logged in
2021-05-16 05:51:34 - INFO - name: fatemeh
 last name: rahmanzadeh
username: ftm
Email: ftm@yahoo.com logged in
2021-05-16 07:41:11 - INFO - name: fatemeh
 last name: rahmanzadeh
username: ftm
Email: ftm@yahoo.com logged in
2021-05-16 07:41:56 - INFO - name: fatemeh
 last name: rahmanzadeh
username: ftm
Email: ftm@yahoo.com logged in
2021-05-16 07:42:41 - INFO - name: fatemeh
 last name: rahmanzadeh
username: ftm
Email: ftm@yahoo.com logged in
2021-05-16 07:43:54 - INFO - name: fatemeh
 last name: rahmanzadeh
username: ftm
Email: ftm@yahoo.com logged in
2021-05-16 07:46:30 - INFO - name: fatemeh
 last name: rahmanzadeh
username: ftm
Email: ftm@yahoo.com logged in
2021-05-16 07:46:53 - INFO - name: fatemeh
 last name: rahmanzadeh
username: ftm
Email: ftm@yahoo.com logged in
2021-05-16 07:48:19 - INFO - name: fatemeh
 last name: rahmanzadeh
username: ftm
Email: ftm@yahoo.com logged in
2021-05-16 07:50:27 - INFO - name: fatemeh
 last name: rahmanzadeh
username: ftm
Email: ftm@yahoo.com logged in
2021-05-16 07:54:13 - INFO - name: fatemeh
 last name: rahmanzadeh
username: ftm
Email: ftm@yahoo.com logged in
2021-05-16 08:04:44 - INFO - name: fatemeh
 last name: rahmanzadeh
username: ftm
Email: ftm@yahoo.com logged in
2021-05-16 08:05:28 - INFO - name: fatemeh
 last name: rahmanzadeh
username: ftm
Email: ftm@yahoo.com logged in
2021-05-16 08:09:57 - INFO - name: fatemeh
 last name: rahmanzadeh
username: ftm
Email: ftm@yahoo.com logged in
2021-05-16 08:10:17 - INFO - name: fatemeh
 last name: rahmanzadeh
username: ftm
Email: ftm@yahoo.com logged in
2021-05-16 08:12:42 - INFO - name: fatemeh
 last name: rahmanzadeh
username: ftm
Email: ftm@yahoo.com logged in
2021-05-16 08:13:21 - INFO - name: fatemeh
 last name: rahmanzadeh
username: ftm
Email: ftm@yahoo.com logged in
2021-05-16 08:16:01 - INFO - name: fatemeh
 last name: rahmanzadeh
username: ftm
Email: ftm@yahoo.com logged in
2021-05-16 08:22:27 - INFO - name: fatemeh
 last name: rahmanzadeh
username: ftm
Email: ftm@yahoo.com logged in
2021-05-16 08:26:29 - INFO - name: fatemeh
 last name: rahmanzadeh
username: ftm
Email: ftm@yahoo.com logged in
2021-05-16 08:27:06 - INFO - name: fatemeh
 last name: rahmanzadeh
username: ftm
Email: ftm@yahoo.com logged in
2021-05-16 08:30:38 - INFO - name: fatemeh
 last name: rahmanzadeh
username: ftm
Email: ftm@yahoo.com logged in
2021-05-16 08:34:22 - INFO - name: fatemeh
 last name: rahmanzadeh
username: ftm
Email: ftm@yahoo.com logged in
2021-05-16 08:35:47 - INFO - name: fatemeh
 last name: rahmanzadeh
username: ftm
Email: ftm@yahoo.com logged in
2021-05-16 08:38:22 - INFO - name: fatemeh
 last name: rahmanzadeh
username: ftm
Email: ftm@yahoo.com logged in
2021-05-16 08:38:56 - INFO - name: fatemeh
 last name: rahmanzadeh
username: ftm
Email: ftm@yahoo.com logged in
2021-05-16 08:42:59 - INFO - name: fatemeh
 last name: rahmanzadeh
username: ftm
Email: ftm@yahoo.com logged in
2021-05-16 09:06:32 - INFO - name: fatemeh
 last name: rahmanzadeh
username: ftm
Email: ftm@yahoo.com logged in
2021-05-16 09:10:53 - INFO - name: fatemeh
 last name: rahmanzadeh
username: ftm
Email: ftm@yahoo.com logged in
2021-05-16 09:11:36 - INFO - name: fatemeh
 last name: rahmanzadeh
username: ftm
Email: ftm@yahoo.com logged in
2021-05-16 09:12:04 - INFO - name: fatemeh
 last name: rahmanzadeh
username: ftm
Email: ftm@yahoo.com logged in
2021-05-16 09:12:31 - INFO - name: fatemeh
 last name: rahmanzadeh
username: ftm
Email: ftm@yahoo.com logged in
2021-05-16 09:13:18 - INFO - name: fatemeh
 last name: rahmanzadeh
username: ftm
Email: ftm@yahoo.com logged in
2021-05-16 09:14:19 - INFO - name: fatemeh
 last name: rahmanzadeh
username: ftm
Email: ftm@yahoo.com logged in
2021-05-16 09:15:32 - INFO - name: fatemeh
 last name: rahmanzadeh
username: ftm
Email: ftm@yahoo.com logged in
2021-05-16 09:16:52 - INFO - name: fatemeh
 last name: rahmanzadeh
username: ftm
Email: ftm@yahoo.com logged in
2021-05-16 09:18:50 - INFO - name: fatemeh
 last name: rahmanzadeh
username: ftm
Email: ftm@yahoo.com logged in
2021-05-16 09:25:08 - INFO - name: fatemeh
 last name: rahmanzadeh
username: ftm
Email: ftm@yahoo.com logged in
2021-05-16 09:30:23 - INFO - name: fatemeh
 last name: rahmanzadeh
username: ftm
Email: ftm@yahoo.com logged in
2021-05-16 09:31:57 - INFO - name: fatemeh
 last name: rahmanzadeh
username: ftm
Email: ftm@yahoo.com logged in
2021-05-16 09:32:56 - INFO - name: fatemeh
 last name: rahmanzadeh
username: ftm
Email: ftm@yahoo.com logged in
2021-05-16 09:45:25 - INFO - name: fatemeh
 last name: rahmanzadeh
username: ftm
Email: ftm@yahoo.com logged in
2021-05-16 09:46:14 - INFO - name: fatemeh
 last name: rahmanzadeh
username: ftm
Email: ftm@yahoo.com logged in
2021-05-16 09:47:23 - INFO - name: fatemeh
 last name: rahmanzadeh
username: ftm
Email: ftm@yahoo.com logged in
2021-05-16 10:04:12 - INFO - name: fatemeh
 last name: rahmanzadeh
username: ftm
Email: ftm@yahoo.com logged in
2021-05-16 10:05:42 - INFO - name: fatemeh
 last name: rahmanzadeh
username: ftm
Email: ftm@yahoo.com logged in
2021-05-16 10:10:24 - INFO - name: fatemeh
 last name: rahmanzadeh
username: ftm
Email: ftm@yahoo.com logged in
2021-05-16 10:11:58 - INFO - name: fatemeh
 last name: rahmanzadeh
username: ftm
Email: ftm@yahoo.com logged in
2021-05-16 10:15:12 - INFO - name: fatemeh
 last name: rahmanzadeh
username: ftm
Email: ftm@yahoo.com logged in
2021-05-16 10:20:09 - INFO - name: fatemeh
 last name: rahmanzadeh
username: ftm
Email: ftm@yahoo.com logged in
2021-05-16 10:35:29 - INFO - name: fatemeh
 last name: rahmanzadeh
username: ftm
Email: ftm@yahoo.com logged in
2021-05-16 10:44:28 - INFO - name: fatemeh
 last name: rahmanzadeh
username: ftm
Email: ftm@yahoo.com logged in
2021-05-16 10:45:17 - INFO - name: fatemeh
 last name: rahmanzadeh
username: ftm
Email: ftm@yahoo.com logged in
2021-05-16 10:46:13 - INFO - name: fatemeh
 last name: rahmanzadeh
username: ftm
Email: ftm@yahoo.com logged in
2021-05-16 10:48:48 - INFO - name: fatemeh
 last name: rahmanzadeh
username: ftm
Email: ftm@yahoo.com logged in
2021-05-16 10:57:44 - INFO - name: fatemeh
 last name: rahmanzadeh
username: ftm
Email: ftm@yahoo.com logged in
2021-05-16 10:58:39 - INFO - ftm edited visit dentist:
[34mimportance changed from >> True to >> False
[39m[35murgency changed from >> True to >> True
[39m
2021-05-16 11:00:43 - INFO - name: fatemeh
 last name: rahmanzadeh
username: ftm
Email: ftm@yahoo.com logged in
2021-05-16 11:01:25 - INFO - ftm edited exercise:
importance changed from >> True to >> True
[39m[35murgency changed from >> True to >> False
[39m
2021-05-16 11:06:25 - INFO - ftm edited math exam:
importance changed from >> False to >> True
[39m[35murgency changed from >> True to >> True
[39m
